<?xml version="1.0" encoding="UTF-8"?>
<!-- Generated by org.testng.reporters.JUnitReportReporter -->
<testsuite skipped="0" hostname="DESKTOP-8V9ACPV" name="com.leafBot.testcases.TC001_CreateLead" tests="2" failures="0" timestamp="05 Oct 2019 10:20:09 GMT" time="24.854" errors="0">
  <testcase name="runTC001" time="9.624" classname="com.leafBot.testcases.TC001_CreateLead"/>
  <testcase name="runTC001" time="15.230" classname="com.leafBot.testcases.TC001_CreateLead"/>
</testsuite> <!-- com.leafBot.testcases.TC001_CreateLead -->
