<?xml version="1.0" encoding="UTF-8"?>
<!-- Generated by org.testng.reporters.JUnitReportReporter -->
<testsuite skipped="0" hostname="IP-C613A448" name="com.leafBot.testcases.CreateLead" tests="2" failures="0" timestamp="11 Nov 2019 14:01:18 GMT" time="16.016" errors="0">
  <testcase name="runTC001" time="9.926" classname="com.leafBot.testcases.CreateLead"/>
  <testcase name="runTC001" time="6.090" classname="com.leafBot.testcases.CreateLead"/>
</testsuite> <!-- com.leafBot.testcases.CreateLead -->
