<?xml version="1.0" encoding="UTF-8"?>
<!-- Generated by org.testng.reporters.JUnitReportReporter -->
<testsuite skipped="0" hostname="IP-C613A448" name="com.leafBot.testcases.CreatingLead" tests="2" failures="0" timestamp="11 Nov 2019 14:03:39 GMT" time="28.286" errors="0">
  <testcase name="runTC001" time="12.337" classname="com.leafBot.testcases.CreatingLead"/>
  <testcase name="runTC001" time="15.949" classname="com.leafBot.testcases.CreatingLead"/>
</testsuite> <!-- com.leafBot.testcases.CreatingLead -->
